1629284762480	geckodriver	INFO	Listening on 127.0.0.1:57972
1629284765543	mozrunner::runner	INFO	Running command: "C:\\Program Files\\Mozilla Firefox\\firefox.exe" "--marionette" "-foreground" "-no-remote" "-profile" "C:\\Users\\YK4372\\AppData\\Local\\Temp\\rust_mozprofilefcl0gw"
1629284767105	Marionette	INFO	Marionette enabled
console.warn: SearchSettings: "get: No settings file exists, new profile?" (new NotFoundError("Could not open the file at C:\\Users\\YK4372\\AppData\\Local\\Temp\\rust_mozprofilefcl0gw\\search.json.mozlz4", (void 0)))
console.error: Region.jsm: "Error fetching region" (new TypeError("NetworkError when attempting to fetch resource.", ""))
console.error: Region.jsm: "Failed to fetch region" (new Error("NO_RESULT", "resource://gre/modules/Region.jsm", 419))
1629284770096	Marionette	INFO	Listening on port 53066
1629284770165	Marionette	WARN	TLS certificate errors will be ignored for this session
JavaScript error: http://www.dummypoint.com/Actions.html, line 473: ReferenceError: demo is not defined
1629285277531	addons.xpi	ERROR	System addon update list error Error: Failed downloading XML, status: 0, reason: error

###!!! [Child][RunMessage] Error: Channel closing: too late to send/recv, messages will be lost

1629285373217	Marionette	INFO	Stopped listening on port 53066

###!!! [Child][RunMessage] Error: Channel closing: too late to send/recv, messages will be lost

 exists, new profile?" (new NotFoundError("Could not open the file at C:\\Users\\YK4372\\AppData\\Local\\Temp\\rust_mozprofileEWkW03\\search.json.mozlz4", (void 0)))
console.error: Region.jsm: "Error fetching region" (new TypeError("NetworkError when attempting to fetch resource.", ""))
console.error: Region.jsm: "Failed to fetch region" (new Error("NO_RESULT", "resource://gre/modules/Region.jsm", 419))
1629284851968	Marionette	INFO	Listening on port 53167
1629284852043	Marionette	WARN	TLS certificate errors will be ignored for this session
JavaScript error: http://www.dummypoint.com/Actions.html, line 473: ReferenceError: demo is not defined
1629285359472	addons.xpi	ERROR	System addon update list error Error: Failed downloading XML, status: 0, reason: error
1629285373064	Marionette	INFO	Stopped listening on port 53167

###!!! [Child][RunMessage] Error: Channel closing: too late to send/recv, messages will be lost

629284957709	Marionette	INFO	Marionette enabled
console.warn: SearchSettings: "get: No settings file exists, new profile?" (new NotFoundError("Could not open the file at C:\\Users\\YK4372\\AppData\\Local\\Temp\\rust_mozprofile5AGE1G\\search.json.mozlz4", (void 0)))
console.error: Region.jsm: "Error fetching region" (new TypeError("NetworkError when attempting to fetch resource.", ""))
console.error: Region.jsm: "Failed to fetch region" (new Error("NO_RESULT", "resource://gre/modules/Region.jsm", 419))
1629284960790	Marionette	INFO	Listening on port 61519
1629284960957	Marionette	WARN	TLS certificate errors will be ignored for this session
JavaScript error: http://www.dummypoint.com/Actions.html, line 473: ReferenceError: demo is not defined
1629285373056	Marionette	INFO	Stopped listening on port 61519

###!!! [Child][RunMessage] Error: Channel closing: too late to send/recv, messages will be lost

"--marionette" "-foreground" "-no-remote" "-profile" "C:\\Users\\YK4372\\AppData\\Local\\Temp\\rust_mozprofile8bkoUY"
1629285096365	Marionette	INFO	Marionette enabled
console.warn: SearchSettings: "get: No settings file exists, new profile?" (new NotFoundError("Could not open the file at C:\\Users\\YK4372\\AppData\\Local\\Temp\\rust_mozprofile8bkoUY\\search.json.mozlz4", (void 0)))
console.error: Region.jsm: "Error fetching region" (new TypeError("NetworkError when attempting to fetch resource.", ""))
console.error: Region.jsm: "Failed to fetch region" (new Error("NO_RESULT", "resource://gre/modules/Region.jsm", 419))
1629285099579	Marionette	INFO	Listening on port 64770
1629285099829	Marionette	WARN	TLS certificate errors will be ignored for this session
JavaScript error: http://www.dummypoint.com/Actions.html, line 473: ReferenceError: demo is not defined
1629285144117	Marionette	INFO	Stopped listening on port 64770

###!!! [Child][RunMessage] Error: Channel closing: too late to send/recv, messages will be lost

1629285205334	geckodriver	INFO	Listening on 127.0.0.1:58440
1629285208415	mozrunner::runner	INFO	Running command: "C:\\Program Files\\Mozilla Firefox\\firefox.exe" "--marionette" "-foreground" "-no-remote" "-profile" "C:\\Users\\YK4372\\AppData\\Local\\Temp\\rust_mozprofileCniQhP"
1629285209745	Marionette	INFO	Marionette enabled
console.warn: SearchSettings: "get: No settings file exists, new profile?" (new NotFoundError("Could not open the file at C:\\Users\\YK4372\\AppData\\Local\\Temp\\rust_mozprofileCniQhP\\search.json.mozlz4", (void 0)))
console.error: Region.jsm: "Error fetching region" (new TypeError("NetworkError when attempting to fetch resource.", ""))
console.error: Region.jsm: "Failed to fetch region" (new Error("NO_RESULT", "resource://gre/modules/Region.jsm", 419))
1629285213060	Marionette	INFO	Listening on port 63109
1629285213302	Marionette	WARN	TLS certificate errors will be ignored for this session
JavaScript error: http://www.dummypoint.com/Actions.html, line 473: ReferenceError: demo is not defined
1629285373196	Marionette	INFO	Stopped listening on port 63109

###!!! [Child][RunMessage] Error: Channel closing: too late to send/recv, messages will be lost

"--marionette" "-foreground" "-no-remote" "-profile" "C:\\Users\\YK4372\\AppData\\Local\\Temp\\rust_mozprofilebTONTZ"
1629285311183	Marionette	INFO	Marionette enabled
console.warn: SearchSettings: "get: No settings file exists, new profile?" (new NotFoundError("Could not open the file at C:\\Users\\YK4372\\AppData\\Local\\Temp\\rust_mozprofilebTONTZ\\search.json.mozlz4", (void 0)))
console.error: Region.jsm: "Error fetching region" (new TypeError("NetworkError when attempting to fetch resource.", ""))
console.error: Region.jsm: "Failed to fetch region" (new Error("NO_RESULT", "resource://gre/modules/Region.jsm", 419))
1629285314338	Marionette	INFO	Listening on port 53787
1629285314797	Marionette	WARN	TLS certificate errors will be ignored for this session
JavaScript error: http://www.dummypoint.com/Actions.html, line 473: ReferenceError: demo is not defined
1629285373060	Marionette	INFO	Stopped listening on port 53787

###!!! [Child][RunMessage] Error: Channel closing: too late to send/recv, messages will be lost

1629285401360	geckodriver	INFO	Listening on 127.0.0.1:63408
1629285404422	mozrunner::runner	INFO	Running command: "C:\\Program Files\\Mozilla Firefox\\firefox.exe" "--marionette" "-foreground" "-no-remote" "-profile" "C:\\Users\\YK4372\\AppData\\Local\\Temp\\rust_mozprofileNR6waG"
1629285405286	Marionette	INFO	Marionette enabled
console.warn: SearchSettings: "get: No settings file exists, new profile?" (new NotFoundError("Could not open the file at C:\\Users\\YK4372\\AppData\\Local\\Temp\\rust_mozprofileNR6waG\\search.json.mozlz4", (void 0)))
console.error: Region.jsm: "Error fetching region" (new TypeError("NetworkError when attempting to fetch resource.", ""))
console.error: Region.jsm: "Failed to fetch region" (new Error("NO_RESULT", "resource://gre/modules/Region.jsm", 419))
1629285408006	Marionette	INFO	Listening on port 58531
1629285408154	Marionette	WARN	TLS certificate errors will be ignored for this session
JavaScript error: http://www.dummypoint.com/Actions.html, line 473: ReferenceError: demo is not defined
1629285915635	addons.xpi	ERROR	System addon update list error Error: Failed downloading XML, status: 0, reason: error
console.error: Region.jsm: "Error fetching region" (new TypeError("NetworkError when attempting to fetch resource.", ""))
console.error: Region.jsm: "Failed to fetch region" (new Error("NO_RESULT", "resource://gre/modules/Region.jsm", 419))
console.error: Region.jsm: "Error fetching region" (new TypeError("NetworkError when attempting to fetch resource.", ""))
console.error: Region.jsm: "Failed to fetch region" (new Error("NO_RESULT", "resource://gre/modules/Region.jsm", 419))

###!!! [Child][MessageChannel] Error: (msgtype=0x390158,name=PContent::Msg_InsertNewFocusActionId) Closed channel: cannot send/recv


###!!! [Parent][MessageChannel] Error: (msgtype=0x390079,name=PContent::Msg_DestroyBrowsingContextGroup) Closed channel: cannot send/recv


###!!! [Parent][MessageChannel] Error: (msgtype=0x390079,name=PContent::Msg_DestroyBrowsingContextGroup) Closed channel: cannot send/recv


###!!! [Parent][MessageChannel] Error: (msgtype=0x390079,name=PContent::Msg_DestroyBrowsingContextGroup) Closed channel: cannot send/recv


###!!! [Parent][MessageChannel] Error: (msgtype=0x390079,name=PContent::Msg_DestroyBrowsingContextGroup) Closed channel: cannot send/recv


###!!! [Child][MessageChannel] Error: (msgtype=0x23002E,name=PBrowser::Msg___delete__) Channel closing: too late to send/recv, messages will be lost

JavaScript error: resource://gre/modules/CrashMonitor.jsm, line 201: AbortError: IOUtils: Shutting down and refusing additional I/O tasks
urce://gre/modules/Region.jsm", 419))

###!!! [Child][MessageChannel] Error: (msgtype=0x390158,name=PContent::Msg_InsertNewFocusActionId) Closed channel: cannot send/recv

ESULT", "resource://gre/modules/Region.jsm", 419))
1629285631511	Marionette	INFO	Listening on port 51398
1629285632063	Marionette	WARN	TLS certificate errors will be ignored for this session
JavaScript error: http://www.dummypoint.com/Actions.html, line 473: ReferenceError: demo is not defined
1629286138650	addons.xpi	ERROR	System addon update list error Error: Failed downloading XML, status: 0, reason: error
console.error: Region.jsm: "Error fetching region" (new TypeError("NetworkError when attempting to fetch resource.", ""))
console.error: Region.jsm: "Failed to fetch region" (new Error("NO_RESULT", "resource://gre/modules/Region.jsm", 419))
console.error: Region.jsm: "Error fetching region" (new TypeError("NetworkError when attempting to fetch resource.", ""))
console.error: Region.jsm: "Failed to fetch region" (new Error("NO_RESULT", "resource://gre/modules/Region.jsm", 419))

###!!! [Child][MessageChannel] Error: (msgtype=0x390158,name=PContent::Msg_InsertNewFocusActionId) Closed channel: cannot send/recv

[Parent 7308, IPC I/O Parent] WARNING: file /builds/worker/checkouts/gecko/ipc/chromium/src/base/process_util_win.cc:167

###!!! [Parent][MessageChannel] Error: (msgtype=0x390079,name=PContent::Msg_DestroyBrowsingContextGroup) Closed channel: cannot send/recv


###!!! [Parent][MessageChannel] Error: (msgtype=0x390079,name=PContent::Msg_DestroyBrowsingContextGroup) Closed channel: cannot send/recv


###!!! [Parent][MessageChannel] Error: (msgtype=0x390079,name=PContent::Msg_DestroyBrowsingContextGroup) Closed channel: cannot send/recv


###!!! [Parent][MessageChannel] Error: (msgtype=0x390079,name=PContent::Msg_DestroyBrowsingContextGroup) Closed channel: cannot send/recv

[Parent 7308, IPC I/O Parent] WARNING: file /builds/worker/checkouts/gecko/ipc/chromium/src/base/process_util_win.cc:167
ed to fetch region" (new Error("NO_RESULT", "resource://gre/modules/Region.jsm", 419))

###!!! [Parent][MessageChannel] Error: (msgtype=0x390079,name=PContent::Msg_DestroyBrowsingContextGroup) Closed channel: cannot send/recv


###!!! [Child][MessageChannel] Error: (msgtype=0x390158,name=PContent::Msg_InsertNewFocusActionId) Closed channel: cannot send/recv

rtificate errors will be ignored for this session
JavaScript error: http://www.dummypoint.com/Actions.html, line 473: ReferenceError: demo is not defined
1629286333581	addons.xpi	ERROR	System addon update list error Error: Failed downloading XML, status: 0, reason: error
console.error: Region.jsm: "Error fetching region" (new TypeError("NetworkError when attempting to fetch resource.", ""))
console.error: Region.jsm: "Failed to fetch region" (new Error("NO_RESULT", "resource://gre/modules/Region.jsm", 419))
console.error: Region.jsm: "Error fetching region" (new TypeError("NetworkError when attempting to fetch resource.", ""))
console.error: Region.jsm: "Failed to fetch region" (new Error("NO_RESULT", "resource://gre/modules/Region.jsm", 419))

###!!! [Child][MessageChannel] Error: (msgtype=0x390158,name=PContent::Msg_InsertNewFocusActionId) Closed channel: cannot send/recv

ESULT", "resource://gre/modules/Region.jsm", 419))
1629285907793	Marionette	INFO	Listening on port 51984
1629285907969	Marionette	WARN	TLS certificate errors will be ignored for this session
JavaScript error: http://www.dummypoint.com/asset/js/scripts.js, line 323: TypeError: $(...).tooltip is not a function
JavaScript error: http://www.dummypoint.com/Actions.html, line 473: ReferenceError: demo is not defined
1629286414983	addons.xpi	ERROR	System addon update list error Error: Failed downloading XML, status: 0, reason: error
console.error: Region.jsm: "Error fetching region" (new TypeError("NetworkError when attempting to fetch resource.", ""))
console.error: Region.jsm: "Failed to fetch region" (new Error("NO_RESULT", "resource://gre/modules/Region.jsm", 419))
console.error: Region.jsm: "Error fetching region" (new TypeError("NetworkError when attempting to fetch resource.", ""))
console.error: Region.jsm: "Failed to fetch region" (new Error("NO_RESULT", "resource://gre/modules/Region.jsm", 419))

###!!! [Child][RunMessage] Error: Channel error: cannot send/recv


###!!! [Child][RunMessage] Error: Channel error: cannot send/recv


###!!! [Child][MessageChannel] Error: (msgtype=0x390158,name=PContent::Msg_InsertNewFocusActionId) Closed channel: cannot send/recv

JavaScript error: resource://gre/modules/CrashMonitor.jsm, line 201: AbortError: IOUtils: Shutting down and refusing additional I/O tasks
[Parent 11256, IPC I/O Parent] WARNING: file /builds/worker/checkouts/gecko/ipc/chromium/src/base/process_util_win.cc:167
 is not defined
1629286538519	addons.xpi	ERROR	System addon update list error Error: Failed downloading XML, status: 0, reason: error
console.error: Region.jsm: "Error fetching region" (new TypeError("NetworkError when attempting to fetch resource.", ""))
console.error: Region.jsm: "Failed to fetch region" (new Error("NO_RESULT", "resource://gre/modules/Region.jsm", 419))
console.error: Region.jsm: "Error fetching region" (new TypeError("NetworkError when attempting to fetch resource.", ""))
console.error: Region.jsm: "Failed to fetch region" (new Error("NO_RESULT", "resource://gre/modules/Region.jsm", 419))

###!!! [Child][MessageChannel] Error: (msgtype=0x390158,name=PContent::Msg_InsertNewFocusActionId) Closed channel: cannot send/recv

ESULT", "resource://gre/modules/Region.jsm", 419))
1629286184388	Marionette	INFO	Listening on port 58782
1629286184632	Marionette	WARN	TLS certificate errors will be ignored for this session
JavaScript error: http://www.dummypoint.com/Actions.html, line 473: ReferenceError: demo is not defined
1629286415441	Marionette	INFO	Stopped listening on port 58782

###!!! [Child][RunMessage] Error: Channel closing: too late to send/recv, messages will be lost

1629286419777	geckodriver	INFO	Listening on 127.0.0.1:56048
1629286422907	mozrunner::runner	INFO	Running command: "C:\\Program Files\\Mozilla Firefox\\firefox.exe" "--marionette" "-foreground" "-no-remote" "-profile" "C:\\Users\\YK4372\\AppData\\Local\\Temp\\rust_mozprofile03PeVZ"
1629286423756	Marionette	INFO	Marionette enabled
console.warn: SearchSettings: "get: No settings file exists, new profile?" (new NotFoundError("Could not open the file at C:\\Users\\YK4372\\AppData\\Local\\Temp\\rust_mozprofile03PeVZ\\search.json.mozlz4", (void 0)))
console.error: Region.jsm: "Error fetching region" (new TypeError("NetworkError when attempting to fetch resource.", ""))
console.error: Region.jsm: "Failed to fetch region" (new Error("NO_RESULT", "resource://gre/modules/Region.jsm", 419))
1629286426980	Marionette	INFO	Listening on port 62678
1629286427150	Marionette	WARN	TLS certificate errors will be ignored for this session
JavaScript error: http://www.dummypoint.com/Actions.html, line 473: ReferenceError: demo is not defined
1629286574239	Marionette	INFO	Stopped listening on port 62678

###!!! [Child][RunMessage] Error: Channel closing: too late to send/recv, messages will be lost

1629292209000	geckodriver	INFO	Listening on 127.0.0.1:52095
1629292212055	mozrunner::runner	INFO	Running command: "C:\\Program Files\\Mozilla Firefox\\firefox.exe" "--marionette" "-foreground" "-no-remote" "-profile" "C:\\Users\\YK4372\\AppData\\Local\\Temp\\rust_mozprofilehkxRhv"
1629292213317	Marionette	INFO	Marionette enabled
console.warn: SearchSettings: "get: No settings file exists, new profile?" (new NotFoundError("Could not open the file at C:\\Users\\YK4372\\AppData\\Local\\Temp\\rust_mozprofilehkxRhv\\search.json.mozlz4", (void 0)))
console.error: Region.jsm: "Error fetching region" (new TypeError("NetworkError when attempting to fetch resource.", ""))
console.error: Region.jsm: "Failed to fetch region" (new Error("NO_RESULT", "resource://gre/modules/Region.jsm", 419))
1629292215855	Marionette	INFO	Listening on port 50202
1629292216036	Marionette	WARN	TLS certificate errors will be ignored for this session
JavaScript error: http://www.dummypoint.com/Actions.html, line 473: ReferenceError: demo is not defined
JavaScript error: http://www.dummypoint.com/asset/js/scripts.js, line 88: TypeError: $(...).niceScroll is not a function
JavaScript error: http://www.dummypoint.com/Form.html, line 514: ReferenceError: demo is not defined
1629292226318	Marionette	INFO	Stopped listening on port 50202

###!!! [Child][RunMessage] Error: Channel closing: too late to send/recv, messages will be lost

1629292286124	geckodriver	INFO	Listening on 127.0.0.1:56979
1629292289173	mozrunner::runner	INFO	Running command: "C:\\Program Files\\Mozilla Firefox\\firefox.exe" "--marionette" "-foreground" "-no-remote" "-profile" "C:\\Users\\YK4372\\AppData\\Local\\Temp\\rust_mozprofileOPTPjw"
1629292289692	Marionette	INFO	Marionette enabled
console.warn: SearchSettings: "get: No settings file exists, new profile?" (new NotFoundError("Could not open the file at C:\\Users\\YK4372\\AppData\\Local\\Temp\\rust_mozprofileOPTPjw\\search.json.mozlz4", (void 0)))
console.error: Region.jsm: "Error fetching region" (new TypeError("NetworkError when attempting to fetch resource.", ""))
console.error: Region.jsm: "Failed to fetch region" (new Error("NO_RESULT", "resource://gre/modules/Region.jsm", 419))
1629292292126	Marionette	INFO	Listening on port 49542
1629292292363	Marionette	WARN	TLS certificate errors will be ignored for this session
JavaScript error: http://www.dummypoint.com/Actions.html, line 473: ReferenceError: demo is not defined
1629292315375	Marionette	INFO	Stopped listening on port 49542

###!!! [Child][RunMessage] Error: Channel closing: too late to send/recv, messages will be lost

