1628850488809	geckodriver	INFO	Listening on 127.0.0.1:59469
1628850491858	mozrunner::runner	INFO	Running command: "C:\\Program Files\\Mozilla Firefox\\firefox.exe" "--marionette" "-foreground" "-no-remote" "-profile" "C:\\Users\\YK4372\\AppData\\Local\\Temp\\rust_mozprofile9BWpU4"
1628850493510	Marionette	INFO	Marionette enabled
console.warn: SearchSettings: "get: No settings file exists, new profile?" (new NotFoundError("Could not open the file at C:\\Users\\YK4372\\AppData\\Local\\Temp\\rust_mozprofile9BWpU4\\search.json.mozlz4", (void 0)))
1628850496469	Marionette	INFO	Listening on port 60217
1628850496673	Marionette	WARN	TLS certificate errors will be ignored for this session
console.error: Region.jsm: "Error fetching region" (new TypeError("NetworkError when attempting to fetch resource.", ""))
console.error: Region.jsm: "Failed to fetch region" (new Error("NO_RESULT", "resource://gre/modules/Region.jsm", 419))
1628850504732	Marionette	INFO	Stopped listening on port 60217

###!!! [Child][RunMessage] Error: Channel closing: too late to send/recv, messages will be lost

1628850541463	geckodriver	INFO	Listening on 127.0.0.1:50471
1628850544512	mozrunner::runner	INFO	Running command: "C:\\Program Files\\Mozilla Firefox\\firefox.exe" "--marionette" "-foreground" "-no-remote" "-profile" "C:\\Users\\YK4372\\AppData\\Local\\Temp\\rust_mozprofilez6uDcf"
1628850545144	Marionette	INFO	Marionette enabled
console.warn: SearchSettings: "get: No settings file exists, new profile?" (new NotFoundError("Could not open the file at C:\\Users\\YK4372\\AppData\\Local\\Temp\\rust_mozprofilez6uDcf\\search.json.mozlz4", (void 0)))
console.error: Region.jsm: "Error fetching region" (new TypeError("NetworkError when attempting to fetch resource.", ""))
console.error: Region.jsm: "Failed to fetch region" (new Error("NO_RESULT", "resource://gre/modules/Region.jsm", 419))
1628850547691	Marionette	INFO	Listening on port 50291
1628850548201	Marionette	WARN	TLS certificate errors will be ignored for this session
1628850556601	Marionette	INFO	Stopped listening on port 50291

###!!! [Child][RunMessage] Error: Channel closing: too late to send/recv, messages will be lost

