1629123481500	geckodriver	INFO	Listening on 127.0.0.1:63134
1629123484552	mozrunner::runner	INFO	Running command: "C:\\Program Files\\Mozilla Firefox\\firefox.exe" "--marionette" "-foreground" "-no-remote" "-profile" "C:\\Users\\YK4372\\AppData\\Local\\Temp\\rust_mozprofilei1ZX6w"
1629123486412	Marionette	INFO	Marionette enabled
console.warn: SearchSettings: "get: No settings file exists, new profile?" (new NotFoundError("Could not open the file at C:\\Users\\YK4372\\AppData\\Local\\Temp\\rust_mozprofilei1ZX6w\\search.json.mozlz4", (void 0)))
1629123489647	Marionette	INFO	Listening on port 60305
1629123489959	Marionette	WARN	TLS certificate errors will be ignored for this session
console.error: Region.jsm: "Error fetching region" (new Error("TIMEOUT", "resource://gre/modules/Region.jsm", 772))
console.error: Region.jsm: "Failed to fetch region" (new Error("TIMEOUT", "resource://gre/modules/Region.jsm", 419))
1629123535790	Marionette	INFO	Stopped listening on port 60305
1629124554373	geckodriver	INFO	Listening on 127.0.0.1:60010
1629124557453	mozrunner::runner	INFO	Running command: "C:\\Program Files\\Mozilla Firefox\\firefox.exe" "--marionette" "-foreground" "-no-remote" "-profile" "C:\\Users\\YK4372\\AppData\\Local\\Temp\\rust_mozprofilenxSrq0"
1629124558330	Marionette	INFO	Marionette enabled
console.warn: SearchSettings: "get: No settings file exists, new profile?" (new NotFoundError("Could not open the file at C:\\Users\\YK4372\\AppData\\Local\\Temp\\rust_mozprofilenxSrq0\\search.json.mozlz4", (void 0)))
1629124561369	Marionette	INFO	Listening on port 53776
1629124561683	Marionette	WARN	TLS certificate errors will be ignored for this session
console.error: Region.jsm: "Error fetching region" (new Error("TIMEOUT", "resource://gre/modules/Region.jsm", 772))
console.error: Region.jsm: "Failed to fetch region" (new Error("TIMEOUT", "resource://gre/modules/Region.jsm", 419))
JavaScript error: http://www.dummypoint.com/seleniumtemplate.html, line 498: ReferenceError: demo is not defined
1629125069891	addons.xpi	ERROR	System addon update list error Error: Failed downloading XML, status: 0, reason: error
console.error: Region.jsm: "Error fetching region" (new TypeError("NetworkError when attempting to fetch resource.", ""))
console.error: Region.jsm: "Failed to fetch region" (new Error("NO_RESULT", "resource://gre/modules/Region.jsm", 419))
console.error: Region.jsm: "Error fetching region" (new TypeError("NetworkError when attempting to fetch resource.", ""))
console.error: Region.jsm: "Failed to fetch region" (new Error("NO_RESULT", "resource://gre/modules/Region.jsm", 419))
1629129875240	Marionette	INFO	Stopped listening on port 53776

###!!! [Child][RunMessage] Error: Channel closing: too late to send/recv, messages will be lost

"--marionette" "-foreground" "-no-remote" "-profile" "C:\\Users\\YK4372\\AppData\\Local\\Temp\\rust_mozprofileuXgCO1"
1629128640824	Marionette	INFO	Marionette enabled
console.warn: SearchSettings: "get: No settings file exists, new profile?" (new NotFoundError("Could not open the file at C:\\Users\\YK4372\\AppData\\Local\\Temp\\rust_mozprofileuXgCO1\\search.json.mozlz4", (void 0)))
1629128643101	Marionette	INFO	Listening on port 59956
console.error: Region.jsm: "Error fetching region" (new TypeError("NetworkError when attempting to fetch resource.", ""))
console.error: Region.jsm: "Failed to fetch region" (new Error("NO_RESULT", "resource://gre/modules/Region.jsm", 419))
[Child 15204, IPC I/O Child] WARNING: pipe error: 232: file /builds/worker/checkouts/gecko/ipc/chromium/src/chrome/common/ipc_channel_win.cc:544
1629128643442	Marionette	WARN	TLS certificate errors will be ignored for this session
JavaScript error: http://www.dummypoint.com/seleniumtemplate.html, line 498: ReferenceError: demo is not defined
1629128655376	Marionette	INFO	Stopped listening on port 59956
1629128823691	geckodriver	INFO	Listening on 127.0.0.1:56910
1629128826733	mozrunner::runner	INFO	Running command: "C:\\Program Files\\Mozilla Firefox\\firefox.exe" "--marionette" "-foreground" "-no-remote" "-profile" "C:\\Users\\YK4372\\AppData\\Local\\Temp\\rust_mozprofileOW02LL"
1629128827267	Marionette	INFO	Marionette enabled
console.warn: SearchSettings: "get: No settings file exists, new profile?" (new NotFoundError("Could not open the file at C:\\Users\\YK4372\\AppData\\Local\\Temp\\rust_mozprofileOW02LL\\search.json.mozlz4", (void 0)))
1629128829831	Marionette	INFO	Listening on port 49232
1629128829944	Marionette	WARN	TLS certificate errors will be ignored for this session
JavaScript error: http://www.dummypoint.com/seleniumtemplate.html, line 498: ReferenceError: demo is not defined
1629128850169	Marionette	INFO	Stopped listening on port 49232

###!!! [Child][RunMessage] Error: Channel closing: too late to send/recv, messages will be lost

1629128857251	geckodriver	INFO	Listening on 127.0.0.1:60975
1629128860285	mozrunner::runner	INFO	Running command: "C:\\Program Files\\Mozilla Firefox\\firefox.exe" "--marionette" "-foreground" "-no-remote" "-profile" "C:\\Users\\YK4372\\AppData\\Local\\Temp\\rust_mozprofileWTNSyl"
1629128860794	Marionette	INFO	Marionette enabled
console.warn: SearchSettings: "get: No settings file exists, new profile?" (new NotFoundError("Could not open the file at C:\\Users\\YK4372\\AppData\\Local\\Temp\\rust_mozprofileWTNSyl\\search.json.mozlz4", (void 0)))
console.error: Region.jsm: "Error fetching region" (new TypeError("NetworkError when attempting to fetch resource.", ""))
console.error: Region.jsm: "Failed to fetch region" (new Error("NO_RESULT", "resource://gre/modules/Region.jsm", 419))
1629128863135	Marionette	INFO	Listening on port 54975
1629128863465	Marionette	WARN	TLS certificate errors will be ignored for this session
JavaScript error: http://www.dummypoint.com/seleniumtemplate.html, line 498: ReferenceError: demo is not defined
1629128883512	Marionette	INFO	Stopped listening on port 54975

###!!! [Child][RunMessage] Error: Channel closing: too late to send/recv, messages will be lost

1633933340265	geckodriver	INFO	Listening on 127.0.0.1:50916
1633933343349	mozrunner::runner	INFO	Running command: "C:\\Program Files\\Mozilla Firefox\\firefox.exe" "--marionette" "-foreground" "-no-remote" "-profile" "C:\\Users\\YK4372\\AppData\\Local\\Temp\\rust_mozprofilexyyO6L"
1633933344160	Marionette	INFO	Marionette enabled
console.warn: SearchSettings: "get: No settings file exists, new profile?" (new NotFoundError("Could not open the file at C:\\Users\\YK4372\\AppData\\Local\\Temp\\rust_mozprofilexyyO6L\\search.json.mozlz4", (void 0)))
console.error: Region.jsm: "Error fetching region" (new TypeError("NetworkError when attempting to fetch resource.", ""))
console.error: Region.jsm: "Failed to fetch region" (new Error("NO_RESULT", "resource://gre/modules/Region.jsm", 419))
1633933347221	Marionette	INFO	Listening on port 50924
1633933347589	RemoteAgent	WARN	TLS certificate errors will be ignored for this session
JavaScript error: http://www.dummypoint.com/seleniumtemplate.html, line 498: ReferenceError: demo is not defined
1633933369472	Marionette	INFO	Stopped listening on port 50924
JavaScript error: resource:///modules/Interactions.jsm, line 230: NS_ERROR_FAILURE: Component returned failure code: 0x80004005 (NS_ERROR_FAILURE) [nsIUserIdleService.removeIdleObserver]

###!!! [Parent][RunMessage] Error: Channel closing: too late to send/recv, messages will be lost

